<?xml version="1.0" encoding="UTF-8"?>
<!-- Generated by org.testng.reporters.JUnitReportReporter -->
<testsuite hostname="DESKTOP-6A0KAN1" name="Practise1.HeaderMatch" tests="1" failures="0" timestamp="24 Sep 2019 21:32:42 GMT" time="14.498" errors="0">
  <testcase name="HeaderMatches" time="14.498" classname="Practise1.HeaderMatch"/>
</testsuite> <!-- Practise1.HeaderMatch -->
