<?xml version="1.0" encoding="UTF-8"?>
<!-- Generated by org.testng.reporters.JUnitReportReporter -->
<testsuite hostname="DESKTOP-6A0KAN1" name="Practise1.MainPage" tests="1" failures="0" timestamp="24 Sep 2019 21:32:42 GMT" time="16.541" errors="0">
  <testcase name="MainPageLoad" time="16.541" classname="Practise1.MainPage"/>
</testsuite> <!-- Practise1.MainPage -->
