<?xml version="1.0" encoding="UTF-8"?>
<!-- Generated by org.testng.reporters.JUnitReportReporter -->
<testsuite hostname="DESKTOP-6A0KAN1" name="Practise1.PractisePage" tests="2" failures="0" timestamp="24 Sep 2019 22:16:08 GMT" time="33.976" errors="0">
  <testcase name="MainPageLoad2" time="18.333" classname="Practise1.PractisePage"/>
  <testcase name="MainPageLoad1" time="15.643" classname="Practise1.PractisePage"/>
</testsuite> <!-- Practise1.PractisePage -->
