<?xml version="1.0" encoding="UTF-8"?>
<!-- Generated by org.testng.reporters.JUnitReportReporter -->
<testsuite hostname="DESKTOP-6A0KAN1" name="Practise1.HeaderMatch" tests="1" failures="0" timestamp="24 Sep 2019 22:16:08 GMT" time="13.409" errors="0">
  <testcase name="HeaderMatches" time="13.409" classname="Practise1.HeaderMatch"/>
</testsuite> <!-- Practise1.HeaderMatch -->
